@!@!@STARTMSG 2262:0 @!@!@
TLC2 Version 2.13 of 18 July 2018
@!@!@ENDMSG 2262 @!@!@
@!@!@STARTMSG 2187:0 @!@!@
Running breadth-first search Model-Checking with seed -5514081346549431831 with 4 workers on 8 cores with 574MB heap and 1290MB offheap memory (Linux 4.19.34 amd64, Oracle Corporation 1.8.0_202 x86_64).
@!@!@ENDMSG 2187 @!@!@
@!@!@STARTMSG 2220:0 @!@!@
Starting SANY...
@!@!@ENDMSG 2220 @!@!@
Parsing file /home/martin/tla/simlpeprogram/SimpleProgram.toolbox/Model_1/MC.tla
Parsing file /home/martin/tla/simlpeprogram/SimpleProgram.toolbox/Model_1/SimpleProgram.tla
Parsing file /nix/store/1xl7w7lfa9069xz4svf77004hfyh4wdn-tla-toolbox-1.5.7/toolbox/plugins/org.lamport.tlatools_1.0.0.201807180447/tla2sany/StandardModules/TLC.tla
Parsing file /nix/store/1xl7w7lfa9069xz4svf77004hfyh4wdn-tla-toolbox-1.5.7/toolbox/plugins/org.lamport.tlatools_1.0.0.201807180447/tla2sany/StandardModules/Integers.tla
Parsing file /nix/store/1xl7w7lfa9069xz4svf77004hfyh4wdn-tla-toolbox-1.5.7/toolbox/plugins/org.lamport.tlatools_1.0.0.201807180447/tla2sany/StandardModules/Naturals.tla
Parsing file /nix/store/1xl7w7lfa9069xz4svf77004hfyh4wdn-tla-toolbox-1.5.7/toolbox/plugins/org.lamport.tlatools_1.0.0.201807180447/tla2sany/StandardModules/Sequences.tla
Parsing file /nix/store/1xl7w7lfa9069xz4svf77004hfyh4wdn-tla-toolbox-1.5.7/toolbox/plugins/org.lamport.tlatools_1.0.0.201807180447/tla2sany/StandardModules/FiniteSets.tla
Semantic processing of module Naturals
Semantic processing of module Integers
Semantic processing of module SimpleProgram
Semantic processing of module Sequences
Semantic processing of module FiniteSets
Semantic processing of module TLC
Semantic processing of module MC
@!@!@STARTMSG 2219:0 @!@!@
SANY finished.
@!@!@ENDMSG 2219 @!@!@
@!@!@STARTMSG 2185:0 @!@!@
Starting... (2019-09-22 22:08:34)
@!@!@ENDMSG 2185 @!@!@
@!@!@STARTMSG 2189:0 @!@!@
Computing initial states...
@!@!@ENDMSG 2189 @!@!@
@!@!@STARTMSG 2190:0 @!@!@
Finished computing initial states: 1 distinct state generated.
@!@!@ENDMSG 2190 @!@!@
@!@!@STARTMSG 2114:1 @!@!@
Deadlock reached.
@!@!@ENDMSG 2114 @!@!@
@!@!@STARTMSG 2121:1 @!@!@
The behavior up to this point is:
@!@!@ENDMSG 2121 @!@!@
@!@!@STARTMSG 2217:4 @!@!@
1: <Initial predicate>
/\ i = 0
/\ pc = "start"

@!@!@ENDMSG 2217 @!@!@
@!@!@STARTMSG 2217:4 @!@!@
2: <Pick line 9, col 12 to line 11, col 28 of module SimpleProgram>
/\ i = 0
/\ pc = "middle"

@!@!@ENDMSG 2217 @!@!@
@!@!@STARTMSG 2217:4 @!@!@
3: <Add1 line 13, col 12 to line 15, col 26 of module SimpleProgram>
/\ i = 1
/\ pc = "done"

@!@!@ENDMSG 2217 @!@!@
@!@!@STARTMSG 2201:0 @!@!@
The coverage statistics at 2019-09-22 22:08:37
@!@!@ENDMSG 2201 @!@!@
@!@!@STARTMSG 2221:0 @!@!@
  line 10, col 15 to line 10, col 28 of module SimpleProgram: 1001
@!@!@ENDMSG 2221 @!@!@
@!@!@STARTMSG 2221:0 @!@!@
  line 11, col 15 to line 11, col 28 of module SimpleProgram: 1001
@!@!@ENDMSG 2221 @!@!@
@!@!@STARTMSG 2221:0 @!@!@
  line 14, col 15 to line 14, col 24 of module SimpleProgram: 15
@!@!@ENDMSG 2221 @!@!@
@!@!@STARTMSG 2221:0 @!@!@
  line 15, col 15 to line 15, col 26 of module SimpleProgram: 15
@!@!@ENDMSG 2221 @!@!@
@!@!@STARTMSG 2202:0 @!@!@
End of statistics.
@!@!@ENDMSG 2202 @!@!@
@!@!@STARTMSG 2200:0 @!@!@
Progress(2) at 2019-09-22 22:08:37: 1017 states generated (21,373 s/min), 1017 distinct states found (21,373 ds/min), 999 states left on queue.
@!@!@ENDMSG 2200 @!@!@
@!@!@STARTMSG 2199:0 @!@!@
1017 states generated, 1017 distinct states found, 999 states left on queue.
@!@!@ENDMSG 2199 @!@!@
@!@!@STARTMSG 2194:0 @!@!@
The depth of the complete state graph search is 3.
@!@!@ENDMSG 2194 @!@!@
@!@!@STARTMSG 2268:0 @!@!@
The average outdegree of the complete state graph is 3 (minimum is 1, the maximum 31 and the 95th percentile is 31).
@!@!@ENDMSG 2268 @!@!@
@!@!@STARTMSG 2186:0 @!@!@
Finished in 4097ms at (2019-09-22 22:08:37)
@!@!@ENDMSG 2186 @!@!@
