@!@!@STARTMSG 2262:0 @!@!@
TLC2 Version 2.14 of 10 July 2019
@!@!@ENDMSG 2262 @!@!@
@!@!@STARTMSG 2187:0 @!@!@
Running breadth-first search Model-Checking with fp 120 and seed 7943422556413134808 with 4 workers on 8 cores with 574MB heap and 1287MB offheap memory [pid: 2306] (Linux 5.3.5-hardened amd64, AdoptOpenJDK 11.0.3 x86_64, OffHeapDiskFPSet, DiskStateQueue).
@!@!@ENDMSG 2187 @!@!@
@!@!@STARTMSG 2220:0 @!@!@
Starting SANY...
@!@!@ENDMSG 2220 @!@!@
Parsing file /home/martin/tla/abspec/AB2.toolbox/Model_1/MC.tla
Parsing file /home/martin/tla/abspec/AB2.toolbox/Model_1/AB2.tla
Parsing file /nix/store/v1picx3acazdvvfppsm7m005araph07h-tla-toolbox-1.6.0/toolbox/plugins/org.lamport.tlatools_1.0.0.201907102009/tla2sany/StandardModules/TLC.tla
Parsing file /nix/store/v1picx3acazdvvfppsm7m005araph07h-tla-toolbox-1.6.0/toolbox/plugins/org.lamport.tlatools_1.0.0.201907102009/tla2sany/StandardModules/Integers.tla
Parsing file /nix/store/v1picx3acazdvvfppsm7m005araph07h-tla-toolbox-1.6.0/toolbox/plugins/org.lamport.tlatools_1.0.0.201907102009/tla2sany/StandardModules/Sequences.tla
Parsing file /nix/store/v1picx3acazdvvfppsm7m005araph07h-tla-toolbox-1.6.0/toolbox/plugins/org.lamport.tlatools_1.0.0.201907102009/tla2sany/StandardModules/Naturals.tla
Parsing file /home/martin/tla/abspec/AB2.toolbox/Model_1/ABSpec.tla
Parsing file /home/martin/tla/abspec/AB2.toolbox/Model_1/AB.tla
Parsing file /nix/store/v1picx3acazdvvfppsm7m005araph07h-tla-toolbox-1.6.0/toolbox/plugins/org.lamport.tlatools_1.0.0.201907102009/tla2sany/StandardModules/FiniteSets.tla
Semantic processing of module Naturals
Semantic processing of module Integers
Semantic processing of module Sequences
Semantic processing of module ABSpec
Semantic processing of module AB
Semantic processing of module AB2
Semantic processing of module FiniteSets
Semantic processing of module TLC
Semantic processing of module MC
@!@!@STARTMSG 2219:0 @!@!@
SANY finished.
@!@!@ENDMSG 2219 @!@!@
@!@!@STARTMSG 2185:0 @!@!@
Starting... (2019-11-17 22:26:31)
@!@!@ENDMSG 2185 @!@!@
@!@!@STARTMSG 2212:0 @!@!@
Implied-temporal checking--satisfiability problem has 1 branches.
@!@!@ENDMSG 2212 @!@!@
@!@!@STARTMSG 2189:0 @!@!@
Computing initial states...
@!@!@ENDMSG 2189 @!@!@
@!@!@STARTMSG 2269:0 @!@!@
Computed 2 initial states...
@!@!@ENDMSG 2269 @!@!@
@!@!@STARTMSG 2190:0 @!@!@
Finished computing initial states: 3 distinct states generated at 2019-11-17 22:26:31.
@!@!@ENDMSG 2190 @!@!@
@!@!@STARTMSG 2200:0 @!@!@
Progress(20) at 2019-11-17 22:26:33: 100,767 states generated, 11,520 distinct states found, 0 states left on queue.
@!@!@ENDMSG 2200 @!@!@
@!@!@STARTMSG 2192:0 @!@!@
Checking temporal properties for the complete state space with 11520 total distinct states at (2019-11-17 22:26:33)
@!@!@ENDMSG 2192 @!@!@
@!@!@STARTMSG 2116:1 @!@!@
Temporal properties were violated.

@!@!@ENDMSG 2116 @!@!@
@!@!@STARTMSG 2264:1 @!@!@
The following behavior constitutes a counter-example:

@!@!@ENDMSG 2264 @!@!@
@!@!@STARTMSG 2217:4 @!@!@
1: <Initial predicate>
/\ AtoB2 = <<>>
/\ BtoA2 = <<>>
/\ BVar = <<d1, 1>>
/\ AVar = <<d1, 1>>

@!@!@ENDMSG 2217 @!@!@
@!@!@STARTMSG 2217:4 @!@!@
2: <BSnd line 23, col 9 to line 24, col 42 of module AB2>
/\ AtoB2 = <<>>
/\ BtoA2 = <<1>>
/\ BVar = <<d1, 1>>
/\ AVar = <<d1, 1>>

@!@!@ENDMSG 2217 @!@!@
@!@!@STARTMSG 2217:4 @!@!@
3: <ASnd line 21, col 9 to line 22, col 42 of module AB2>
/\ AtoB2 = <<<<d1, 1>>>>
/\ BtoA2 = <<1>>
/\ BVar = <<d1, 1>>
/\ AVar = <<d1, 1>>

@!@!@ENDMSG 2217 @!@!@
@!@!@STARTMSG 2217:4 @!@!@
4: <BRcv line 34, col 9 to line 39, col 36 of module AB2>
/\ AtoB2 = <<>>
/\ BtoA2 = <<1>>
/\ BVar = <<d1, 1>>
/\ AVar = <<d1, 1>>

@!@!@ENDMSG 2217 @!@!@
@!@!@STARTMSG 2217:4 @!@!@
5: <CorruptMsg line 41, col 15 to line 47, col 41 of module AB2>
/\ AtoB2 = <<>>
/\ BtoA2 = <<Bad>>
/\ BVar = <<d1, 1>>
/\ AVar = <<d1, 1>>

@!@!@ENDMSG 2217 @!@!@
@!@!@STARTMSG 2122:4 @!@!@
1: Back to state: <ARcv line 26, col 9 to line 32, col 36 of module AB2>

@!@!@ENDMSG 2122 @!@!@
@!@!@STARTMSG 2267:0 @!@!@
Finished checking temporal properties in 00s at 2019-11-17 22:26:34
@!@!@ENDMSG 2267 @!@!@
@!@!@STARTMSG 2201:0 @!@!@
The coverage statistics at 2019-11-17 22:26:34
@!@!@ENDMSG 2201 @!@!@
@!@!@STARTMSG 2773:0 @!@!@
<Init line 16, col 1 to line 16, col 4 of module AB2>: 6:6
@!@!@ENDMSG 2773 @!@!@
@!@!@STARTMSG 2221:0 @!@!@
  line 16, col 12 to line 16, col 31 of module AB2: 2
@!@!@ENDMSG 2221 @!@!@
@!@!@STARTMSG 2221:0 @!@!@
  line 17, col 12 to line 17, col 22 of module AB2: 6
@!@!@ENDMSG 2221 @!@!@
@!@!@STARTMSG 2221:0 @!@!@
  line 18, col 12 to line 18, col 23 of module AB2: 6
@!@!@ENDMSG 2221 @!@!@
@!@!@STARTMSG 2221:0 @!@!@
  line 19, col 12 to line 19, col 23 of module AB2: 6
@!@!@ENDMSG 2221 @!@!@
@!@!@STARTMSG 2772:0 @!@!@
<ASnd line 21, col 1 to line 21, col 4 of module AB2>: 234:11525
@!@!@ENDMSG 2772 @!@!@
@!@!@STARTMSG 2221:0 @!@!@
  line 21, col 12 to line 21, col 39 of module AB2: 11525
@!@!@ENDMSG 2221 @!@!@
@!@!@STARTMSG 2221:0 @!@!@
  line 22, col 12 to line 22, col 42 of module AB2: 11525
@!@!@ENDMSG 2221 @!@!@
@!@!@STARTMSG 2772:0 @!@!@
<BSnd line 23, col 1 to line 23, col 4 of module AB2>: 1271:11523
@!@!@ENDMSG 2772 @!@!@
@!@!@STARTMSG 2221:0 @!@!@
  line 23, col 12 to line 23, col 42 of module AB2: 11523
@!@!@ENDMSG 2221 @!@!@
@!@!@STARTMSG 2221:0 @!@!@
  line 24, col 12 to line 24, col 42 of module AB2: 11523
@!@!@ENDMSG 2221 @!@!@
@!@!@STARTMSG 2772:0 @!@!@
<ARcv line 26, col 1 to line 26, col 4 of module AB2>: 88:12121
@!@!@ENDMSG 2772 @!@!@
@!@!@STARTMSG 2221:0 @!@!@
  line 26, col 12 to line 26, col 24 of module AB2: 22381
@!@!@ENDMSG 2221 @!@!@
@!@!@STARTMSG 2221:0 @!@!@
  |line 26, col 12 to line 26, col 16 of module AB2: 11524
@!@!@ENDMSG 2221 @!@!@
@!@!@STARTMSG 2221:0 @!@!@
  |line 26, col 21 to line 26, col 24 of module AB2: 11524
@!@!@ENDMSG 2221 @!@!@
@!@!@STARTMSG 2221:0 @!@!@
  line 27, col 15 to line 27, col 35 of module AB2: 10857
@!@!@ENDMSG 2221 @!@!@
@!@!@STARTMSG 2221:0 @!@!@
  line 29, col 25 to line 29, col 48 of module AB2: 1896
@!@!@ENDMSG 2221 @!@!@
@!@!@STARTMSG 2221:0 @!@!@
  line 28, col 29 to line 28, col 32 of module AB2: 632
@!@!@ENDMSG 2221 @!@!@
@!@!@STARTMSG 2221:0 @!@!@
  line 30, col 20 to line 30, col 33 of module AB2: 10225
@!@!@ENDMSG 2221 @!@!@
@!@!@STARTMSG 2221:0 @!@!@
  line 31, col 12 to line 31, col 31 of module AB2: 12121
@!@!@ENDMSG 2221 @!@!@
@!@!@STARTMSG 2221:0 @!@!@
  line 32, col 12 to line 32, col 36 of module AB2: 12121
@!@!@ENDMSG 2221 @!@!@
@!@!@STARTMSG 2772:0 @!@!@
<BRcv line 34, col 1 to line 34, col 4 of module AB2>: 69:11059
@!@!@ENDMSG 2772 @!@!@
@!@!@STARTMSG 2221:0 @!@!@
  line 34, col 12 to line 34, col 24 of module AB2: 22581
@!@!@ENDMSG 2221 @!@!@
@!@!@STARTMSG 2221:0 @!@!@
  |line 34, col 12 to line 34, col 16 of module AB2: 11522
@!@!@ENDMSG 2221 @!@!@
@!@!@STARTMSG 2221:0 @!@!@
  |line 34, col 21 to line 34, col 24 of module AB2: 11522
@!@!@ENDMSG 2221 @!@!@
@!@!@STARTMSG 2221:0 @!@!@
  line 35, col 15 to line 35, col 65 of module AB2: 11059
@!@!@ENDMSG 2221 @!@!@
@!@!@STARTMSG 2221:0 @!@!@
  |line 35, col 16 to line 35, col 33 of module AB2: 11059
@!@!@ENDMSG 2221 @!@!@
@!@!@STARTMSG 2221:0 @!@!@
  |line 35, col 40 to line 35, col 64 of module AB2: 6475
@!@!@ENDMSG 2221 @!@!@
@!@!@STARTMSG 2221:0 @!@!@
  line 36, col 20 to line 36, col 38 of module AB2: 1890
@!@!@ENDMSG 2221 @!@!@
@!@!@STARTMSG 2221:0 @!@!@
  line 37, col 20 to line 37, col 33 of module AB2: 9169
@!@!@ENDMSG 2221 @!@!@
@!@!@STARTMSG 2221:0 @!@!@
  line 38, col 12 to line 38, col 31 of module AB2: 11059
@!@!@ENDMSG 2221 @!@!@
@!@!@STARTMSG 2221:0 @!@!@
  line 39, col 12 to line 39, col 36 of module AB2: 11059
@!@!@ENDMSG 2221 @!@!@
@!@!@STARTMSG 2772:0 @!@!@
<CorruptMsg line 41, col 1 to line 41, col 10 of module AB2>: 9855:54553
@!@!@ENDMSG 2772 @!@!@
@!@!@STARTMSG 2221:0 @!@!@
  line 42, col 29 to line 42, col 61 of module AB2: 27858
@!@!@ENDMSG 2221 @!@!@
@!@!@STARTMSG 2221:0 @!@!@
  line 41, col 33 to line 41, col 45 of module AB2: 11521
@!@!@ENDMSG 2221 @!@!@
@!@!@STARTMSG 2221:0 @!@!@
  line 43, col 24 to line 43, col 38 of module AB2: 27858
@!@!@ENDMSG 2221 @!@!@
@!@!@STARTMSG 2221:0 @!@!@
  line 45, col 29 to line 45, col 61 of module AB2: 26695
@!@!@ENDMSG 2221 @!@!@
@!@!@STARTMSG 2221:0 @!@!@
  line 44, col 33 to line 44, col 45 of module AB2: 11521
@!@!@ENDMSG 2221 @!@!@
@!@!@STARTMSG 2221:0 @!@!@
  line 46, col 24 to line 46, col 38 of module AB2: 26695
@!@!@ENDMSG 2221 @!@!@
@!@!@STARTMSG 2221:0 @!@!@
  line 47, col 18 to line 47, col 41 of module AB2: 54553
@!@!@ENDMSG 2221 @!@!@
@!@!@STARTMSG 2774:0 @!@!@
<TypeOK line 11, col 1 to line 11, col 6 of module AB2>
@!@!@ENDMSG 2774 @!@!@
@!@!@STARTMSG 2221:0 @!@!@
  line 11, col 11 to line 14, col 39 of module AB2: 24864
@!@!@ENDMSG 2221 @!@!@
@!@!@STARTMSG 2202:0 @!@!@
End of statistics.
@!@!@ENDMSG 2202 @!@!@
@!@!@STARTMSG 2200:0 @!@!@
Progress(20) at 2019-11-17 22:26:34: 100,767 states generated (1,658,716 s/min), 11,520 distinct states found (189,629 ds/min), 0 states left on queue.
@!@!@ENDMSG 2200 @!@!@
@!@!@STARTMSG 2199:0 @!@!@
100767 states generated, 11520 distinct states found, 0 states left on queue.
@!@!@ENDMSG 2199 @!@!@
@!@!@STARTMSG 2186:0 @!@!@
Finished in 3646ms at (2019-11-17 22:26:34)
@!@!@ENDMSG 2186 @!@!@
